Logging a dose...
Traceback (most recent call last):
  File "/app/verify_changes.py", line 77, in <module>
    run()
  File "/app/verify_changes.py", line 23, in run
    page.click("button:has-text('Norco')")
  File "/home/jules/.pyenv/versions/3.12.12/lib/python3.12/site-packages/playwright/sync_api/_generated.py", line 9958, in click
    self._sync(
  File "/home/jules/.pyenv/versions/3.12.12/lib/python3.12/site-packages/playwright/_impl/_sync_base.py", line 115, in _sync
    return task.result()
           ^^^^^^^^^^^^^
  File "/home/jules/.pyenv/versions/3.12.12/lib/python3.12/site-packages/playwright/_impl/_page.py", line 854, in click
    return await self._main_frame._click(**locals_to_params(locals()))
           ^^^^^^^^^^^^^^^^^^^^^^^^^^^^^^^^^^^^^^^^^^^^^^^^^^^^^^^^^^^
  File "/home/jules/.pyenv/versions/3.12.12/lib/python3.12/site-packages/playwright/_impl/_frame.py", line 566, in _click
    await self._channel.send("click", self._timeout, locals_to_params(locals()))
  File "/home/jules/.pyenv/versions/3.12.12/lib/python3.12/site-packages/playwright/_impl/_connection.py", line 69, in send
    return await self._connection.wrap_api_call(
           ^^^^^^^^^^^^^^^^^^^^^^^^^^^^^^^^^^^^^
  File "/home/jules/.pyenv/versions/3.12.12/lib/python3.12/site-packages/playwright/_impl/_connection.py", line 559, in wrap_api_call
    raise rewrite_error(error, f"{parsed_st['apiName']}: {error}") from None
playwright._impl._errors.TimeoutError: Page.click: Timeout 30000ms exceeded.
Call log:
  - waiting for locator("button:has-text('Norco')")
